<?xml version="1.0" encoding="UTF-8"?>
<testng-results skipped="0" failed="0" ignored="0" total="0" passed="0">
  <reporter-output>
  </reporter-output>
  <suite name="edu.calculate.distance.DistanceCalculatorTest" duration-ms="0" started-at="2017-09-16T12:53:48Z" finished-at="2017-09-16T12:53:48Z">
    <groups>
    </groups>
    <test name="Command line test" duration-ms="0" started-at="2017-09-16T12:53:48Z" finished-at="2017-09-16T12:53:48Z">
    </test> <!-- Command line test -->
  </suite> <!-- edu.calculate.distance.DistanceCalculatorTest -->
</testng-results>
